<?xml version="1.0" encoding="UTF-8"?>
<!-- Generated by org.testng.reporters.JUnitReportReporter -->
<testsuite hostname="EzhilVizhi" failures="0" tests="1" name="tests.LoginTest" time="1.851" errors="0" timestamp="2023-08-30T11:34:08 CDT" skipped="0">
  <testcase classname="tests.LoginTest" name="logintest1" time="1.851"/>
  <system-out/>
</testsuite> <!-- tests.LoginTest -->
